网络模块初始化成功: ../networkConfig

========== Shard Topology Report ==========
Ancestor ID     | Child Shard IDs
-------------------------------------------
5               | [ 1, 2 ]
6               | [ 3, 4 ]
7               | [ 1, 2, 3, 4 ]
===========================================

Access Control List for Shard 1: 72, 15, 93, 41, 28, 56, 84, 9, 63, 37, 100, 22, 78, 44, 5, 91
shard1_inner:2000
shard2_inner:2000
shard3_inner:2000
shard4_inner:2000
shard1_shard2:2000
shard3_shard4:2000
shard2_shard3:2000
解析负载完成...
--- Intra-Shard Txs Distribution ---
[ID: 1] Type: Intra | Count: 2000 | Involved Shards: [1]
[ID: 2] Type: Intra | Count: 2000 | Involved Shards: [2]
[ID: 3] Type: Intra | Count: 2000 | Involved Shards: [3]
[ID: 4] Type: Intra | Count: 2000 | Involved Shards: [4]

--- Cross-Shard Txs Distribution ---
[ID: 5] Type: Cross | Count: 2000 | Involved Shards: [1, 2]
[ID: 6] Type: Cross | Count: 2000 | Involved Shards: [3, 4]
[ID: 7] Type: Cross | Count: 2000 | Involved Shards: [2, 3]

启动分片1 ...
当前分片1, tps = 0, latency = 0
收到了来自分片 5的跨片交易任务.....
收到了来自分片 5的跨片交易任务.....
当前分片1, tps = 5000 , latency = 0.048516
收到了来自分片 5的跨片交易任务.....
当前分片1, tps = 8000 , latency = 0.794638
收到了来自分片 5的跨片交易任务.....
当前分片1, tps = 5000 , latency = 1.23061
收到了来自分片 5的跨片交易任务.....
当前分片1, tps = 5000 , latency = 1.61552
收到了来自分片 5的跨片交易任务.....
当前分片1, tps = 5000 , latency = 1.79142
收到了来自分片 5的跨片交易任务.....
当前分片1, tps = 5000 , latency = 2.39286
收到了来自分片 5的跨片交易任务.....
当前分片1, tps = 5000 , latency = 2.57915
当前分片1, tps = 5000 , latency = 2.96764
收到了来自分片 5的跨片交易任务.....
当前分片1, tps = 5000 , latency = 3.56387
收到了来自分片 5的跨片交易任务.....
当前分片1, tps = 5000 , latency = 3.51763
收到了来自分片 5的跨片交易任务.....
当前分片1, tps = 5000 , latency = 4.11339
收到了来自分片 5的跨片交易任务.....
当前分片1, tps = 5000 , latency = 4.49976
收到了来自分片 5的跨片交易任务.....
当前分片1, tps = 5000 , latency = 4.66548
收到了来自分片 5的跨片交易任务.....
当前分片1, tps = 5000 , latency = 5.25351
收到了来自分片 5的跨片交易任务.....
当前分片1, tps = 5000 , latency = 5.41921
收到了来自分片 5的跨片交易任务.....
当前分片1, tps = 5000 , latency = 5.80328
当前分片1, tps = 5000 , latency = 6.39721
收到了来自分片 5的跨片交易任务.....
当前分片1, tps = 5000 , latency = 6.3541
收到了来自分片 5的跨片交易任务.....
当前分片1, tps = 5000 , latency = 6.94734
收到了来自分片 5的跨片交易任务.....
当前分片1, tps = 5000 , latency = 7.34268
收到了来自分片 5的跨片交易任务.....
当前分片1, tps = 5000 , latency = 7.53479
收到了来自分片 5的跨片交易任务.....
当前分片1, tps = 5000 , latency = 8.12983
收到了来自分片 5的跨片交易任务.....
当前分片1, tps = 5000 , latency = 8.29576
收到了来自分片 5的跨片交易任务.....
当前分片1, tps = 5000 , latency = 8.68767
