(lldb) target create "/Users/tanghaibo_office/Desktop/Second_Work_Code/third_work/simulateHieraChain/build/bin/hierachain"
Current executable set to '/Users/tanghaibo_office/Desktop/Second_Work_Code/third_work/simulateHieraChain/build/bin/hierachain' (arm64).
(lldb) command source -s 0 'lldb_commands.txt'
Executing commands in '/Users/tanghaibo_office/Desktop/Second_Work_Code/third_work/simulateHieraChain/shard2/lldb_commands.txt'.
(lldb) run
网络模块初始化成功: ../networkConfig

========== Shard Topology Report ==========
Ancestor ID     | Child Shard IDs
-------------------------------------------
5               | [ 1, 2 ]
6               | [ 3, 4 ]
7               | [ 1, 2, 3, 4 ]
===========================================

Access Control List for Shard 2: 68, 12, 49, 87, 33, 59, 76, 2, 96, 19, 81, 55, 30, 64, 11, 47, 8, 95, 25, 70, 39, 52, 17
shard1_inner:2000
shard2_inner:2000
shard3_inner:2000
shard4_inner:2000
shard1_shard2:2000
shard3_shard4:2000
shard2_shard3:2000
解析负载完成...
--- Intra-Shard Txs Distribution ---
[ID: 1] Type: Intra | Count: 2000 | Involved Shards: [1]
[ID: 2] Type: Intra | Count: 2000 | Involved Shards: [2]
[ID: 3] Type: Intra | Count: 2000 | Involved Shards: [3]
[ID: 4] Type: Intra | Count: 2000 | Involved Shards: [4]

--- Cross-Shard Txs Distribution ---
[ID: 5] Type: Cross | Count: 2000 | Involved Shards: [1, 2]
[ID: 6] Type: Cross | Count: 2000 | Involved Shards: [3, 4]
[ID: 7] Type: Cross | Count: 2000 | Involved Shards: [2, 3]

启动分片2 ...
当前分片2, tps = 0, latency = 0
txsToExecute.size = 5000
收到了来自分片 5的跨片交易任务.....
收到了来自分片 5的跨片交易任务.....
收到了来自分片 5的跨片交易任务.....
收到了来自分片 5的跨片交易任务.....
收到了来自分片 5的跨片交易任务.....
收到了来自分片 5的跨片交易任务.....
收到了来自分片 5的跨片交易任务.....
收到了来自分片 5的跨片交易任务.....
当前分片2, tps = 5000 , latency = 0.0758891
收到了来自分片 5的跨片交易任务.....
txsToExecute.size = 3045
收到了来自分片 5的跨片交易任务.....
收到了来自分片 5的跨片交易任务.....
收到了来自分片 5的跨片交易任务.....
收到了来自分片 5的跨片交易任务.....
收到了来自分片 5的跨片交易任务.....
txsToExecute.size = 5000
收到了来自分片 5的跨片交易任务.....
收到了来自分片 5的跨片交易任务.....
收到了来自分片 5的跨片交易任务.....
当前分片2, tps = 8000 , latency = -7.9054
收到了来自分片 5的跨片交易任务.....
收到了来自分片 5的跨片交易任务.....
收到了来自分片 5的跨片交易任务.....
收到了来自分片 5的跨片交易任务.....
收到了来自分片 5的跨片交易任务.....
收到了来自分片 5的跨片交易任务.....
收到了来自分片 5的跨片交易任务.....
txsToExecute.size = 5000
收到了来自分片 5的跨片交易任务.....
收到了来自分片 5的跨片交易任务.....
收到了来自分片 5的跨片交易任务.....
当前分片2, tps = 4900 , latency = -30.3333
收到了来自分片 5的跨片交易任务.....
收到了来自分片 5的跨片交易任务.....
收到了来自分片 5的跨片交易任务.....
收到了来自分片 5的跨片交易任务.....
收到了来自分片 5的跨片交易任务.....
收到了来自分片 5的跨片交易任务.....
txsToExecute.size = 5000
收到了来自分片 5的跨片交易任务.....
收到了来自分片 5的跨片交易任务.....
收到了来自分片 5的跨片交易任务.....
当前分片2, tps = 5000 , latency = 1.61508
收到了来自分片 5的跨片交易任务.....
收到了来自分片 5的跨片交易任务.....
收到了来自分片 5的跨片交易任务.....
收到了来自分片 5的跨片交易任务.....
收到了来自分片 5的跨片交易任务.....
收到了来自分片 5的跨片交易任务.....
收到了来自分片 5的跨片交易任务.....
txsToExecute.size = 5000
收到了来自分片 5的跨片交易任务.....
收到了来自分片 5的跨片交易任务.....
当前分片2, tps = 4900 , latency = -30.5533
收到了来自分片 5的跨片交易任务.....
收到了来自分片 5的跨片交易任务.....
收到了来自分片 5的跨片交易任务.....
收到了来自分片 5的跨片交易任务.....
收到了来自分片 5的跨片交易任务.....
收到了来自分片 5的跨片交易任务.....
收到了来自分片 5的跨片交易任务.....
txsToExecute.size = 5000
收到了来自分片 5的跨片交易任务.....
收到了来自分片 5的跨片交易任务.....
当前分片2, tps = 4910 , latency = -25.9391
收到了来自分片 5的跨片交易任务.....
收到了来自分片 5的跨片交易任务.....
收到了来自分片 5的跨片交易任务.....
收到了来自分片 5的跨片交易任务.....
收到了来自分片 5的跨片交易任务.....
txsToExecute.size = 5000
当前分片2, tps = 5000 , latency = 2.54479
txsToExecute.size = 5000
当前分片2, tps = 4900 , latency = -29.0575
txsToExecute.size = 5000
当前分片2, tps = 5000 , latency = 2.42909
txsToExecute.size = 5000
当前分片2, tps = 4900 , latency = -27.9921
txsToExecute.size = 5000
当前分片2, tps = 3490 , latency = 0.0509018
txsToExecute.size = 5000
当前分片2, tps = 2694 , latency = 3.33613
txsToExecute.size = 5000
当前分片2, tps = 552 , latency = 4.34572
txsToExecute.size = 5000
当前分片2, tps = 552 , latency = 5.36114
txsToExecute.size = 5000
当前分片2, tps = 1689 , latency = 1.05206e+06
txsToExecute.size = 5000
当前分片2, tps = 2500 , latency = 5.26542
txsToExecute.size = 5000
当前分片2, tps = 3689 , latency = 481689
txsToExecute.size = 5000
当前分片2, tps = 2952 , latency = 601945
txsToExecute.size = 5000
当前分片2, tps = 5000 , latency = 6.94319
txsToExecute.size = 5000
当前分片2, tps = 5000 , latency = 7.21761
txsToExecute.size = 5000
当前分片2, tps = 5000 , latency = 3.07406
txsToExecute.size = 5000
当前分片2, tps = 5000 , latency = 0.822127
txsToExecute.size = 5000
当前分片2, tps = 1548 , latency = 0.765747
txsToExecute.size = 5000
当前分片2, tps = 1755 , latency = 7.05937
txsToExecute.size = 5000
当前分片2, tps = 4707 , latency = 8.07467
txsToExecute.size = 5000
当前分片2, tps = 186 , latency = 9.55339e+06
txsToExecute.size = 5000
当前分片2, tps = 1500 , latency = 2.69705
txsToExecute.size = 5000
当前分片2, tps = 0, latency = 0
txsToExecute.size = 5000
当前分片2, tps = 3148 , latency = 3.71347
当前分片2, tps = 1500 , latency = 4.72729
txsToExecute.size = 5000
当前分片2, tps = 596 , latency = 2.98143e+06
txsToExecute.size = 5000
当前分片2, tps = 2148 , latency = 6.75741
txsToExecute.size = 5000
当前分片2, tps = 2500 , latency = 7.77058
txsToExecute.size = 5000
当前分片2, tps = 0, latency = 0
txsToExecute.size = 5000
当前分片2, tps = 2457 , latency = 11.9318
txsToExecute.size = 5000
当前分片2, tps = 4524 , latency = 10.055
txsToExecute.size = 5000
当前分片2, tps = 0, latency = 0
txsToExecute.size = 5000
当前分片2, tps = 0, latency = 0
txsToExecute.size = 5000
当前分片2, tps = 0, latency = 0
txsToExecute.size = 5000
当前分片2, tps = 3830 , latency = 13.7982
txsToExecute.size = 5000
当前分片2, tps = 2500 , latency = 14.8127
txsToExecute.size = 5000
当前分片2, tps = 617 , latency = 14.7646
txsToExecute.size = 5000
当前分片2, tps = 500 , latency = 15.7738
txsToExecute.size = 5000
当前分片2, tps = 2942 , latency = 1.20798e+06
txsToExecute.size = 5000
当前分片2, tps = 279 , latency = 1.84336
txsToExecute.size = 5000
当前分片2, tps = 0, latency = 0
txsToExecute.size = 5000
当前分片2, tps = 0, latency = 0
txsToExecute.size = 5000
当前分片2, tps = 0, latency = 0
txsToExecute.size = 5000
当前分片2, tps = 2500 , latency = 0.511936
txsToExecute.size = 5000
当前分片2, tps = 5000 , latency = 1.52294
txsToExecute.size = 5000
当前分片2, tps = 500 , latency = 2.54599
txsToExecute.size = 5000
当前分片2, tps = 1861 , latency = 16.4019
txsToExecute.size = 5000
当前分片2, tps = 0, latency = 0
txsToExecute.size = 5000
当前分片2, tps = 0, latency = 0
txsToExecute.size = 5000
当前分片2, tps = 2361 , latency = 15.3931
txsToExecute.size = 5000
当前分片2, tps = 0, latency = 0
txsToExecute.size = 5000
当前分片2, tps = 0, latency = 0
txsToExecute.size = 5000
当前分片2, tps = 0, latency = 0
txsToExecute.size = 5000
当前分片2, tps = 0, latency = 0
txsToExecute.size = 5000
当前分片2, tps = 1500 , latency = 10.6307
txsToExecute.size = 5000
当前分片2, tps = 3464 , latency = 1.02595e+06
txsToExecute.size = 5000
当前分片2, tps = 1500 , latency = 8.42207
txsToExecute.size = 5000
当前分片2, tps = 0, latency = 0
txsToExecute.size = 5000
当前分片2, tps = 0, latency = 0
txsToExecute.size = 5000
当前分片2, tps = 0, latency = 0
txsToExecute.size = 5000
当前分片2, tps = 0, latency = 0
txsToExecute.size = 5000
当前分片2, tps = 4500 , latency = 2.157
txsToExecute.size = 5000
当前分片2, tps = 3500 , latency = 14.0771
txsToExecute.size = 5000
当前分片2, tps = 0, latency = 0
txsToExecute.size = 5000
当前分片2, tps = 0, latency = 0
txsToExecute.size = 5000
当前分片2, tps = 0, latency = 0
txsToExecute.size = 5000
当前分片2, tps = 3923 , latency = 452966
txsToExecute.size = 5000
当前分片2, tps = 2500 , latency = 15.295
txsToExecute.size = 5000
当前分片2, tps = 5000 , latency = 0.352549
txsToExecute.size = 5000
当前分片2, tps = 500 , latency = 1.36472
txsToExecute.size = 5000
当前分片2, tps = 0, latency = 0
txsToExecute.size = 5000
当前分片2, tps = 0, latency = 0
txsToExecute.size = 5000
当前分片2, tps = 192 , latency = 9.25484e+06
txsToExecute.size = 5000
当前分片2, tps = 1669 , latency = 8.62054
txsToExecute.size = 5000
当前分片2, tps = 0, latency = 0
txsToExecute.size = 5000
当前分片2, tps = 2500 , latency = 4.25103
txsToExecute.size = 5000
当前分片2, tps = 5000 , latency = 7.62956
txsToExecute.size = 5000
当前分片2, tps = 5000 , latency = 5.53
txsToExecute.size = 5000
当前分片2, tps = 5000 , latency = 6.22273
txsToExecute.size = 5000
当前分片2, tps = 5000 , latency = 7.24585
txsToExecute.size = 5000
当前分片2, tps = 1500 , latency = 8.30585
txsToExecute.size = 5000
当前分片2, tps = 500 , latency = 1.89199
txsToExecute.size = 5000
当前分片2, tps = 5000 , latency = 0.731162
txsToExecute.size = 5000
当前分片2, tps = 5000 , latency = 2.2738
txsToExecute.size = 5000
当前分片2, tps = 107 , latency = 1.66068e+07
txsToExecute.size = 5000
当前分片2, tps = 0, latency = 0
txsToExecute.size = 5000
当前分片2, tps = 2234 , latency = 14.3963
txsToExecute.size = 5000
当前分片2, tps = 0, latency = 0
txsToExecute.size = 5000
当前分片2, tps = 0, latency = 0
txsToExecute.size = 5000
当前分片2, tps = 2734 , latency = 14.3162
txsToExecute.size = 5000
当前分片2, tps = 5000 , latency = 1.38455
txsToExecute.size = 5000
当前分片2, tps = 5000 , latency = 1.32379
txsToExecute.size = 5000
当前分片2, tps = 5000 , latency = 0.212607
txsToExecute.size = 5000
当前分片2, tps = 4596 , latency = 2.17149
txsToExecute.size = 5000
当前分片2, tps = 3449 , latency = 7.58746
txsToExecute.size = 5000
当前分片2, tps = 0, latency = 0
txsToExecute.size = 5000
当前分片2, tps = 2048 , latency = 3.21543
txsToExecute.size = 5000
当前分片2, tps = 500 , latency = 0.994125
txsToExecute.size = 5000
当前分片2, tps = 618 , latency = 2.87529e+06
txsToExecute.size = 5000
当前分片2, tps = 2500 , latency = 10.2551
txsToExecute.size = 5000
当前分片2, tps = 5000 , latency = 18.5194
txsToExecute.size = 5000
当前分片2, tps = 5000 , latency = 3.20203
txsToExecute.size = 5000
当前分片2, tps = 4949 , latency = 5.57173
txsToExecute.size = 5000
当前分片2, tps = 5000 , latency = 19.8499
txsToExecute.size = 5000
当前分片2, tps = 744 , latency = 26.2841
txsToExecute.size = 5000
当前分片2, tps = 500 , latency = 2.74238
txsToExecute.size = 5000
当前分片2, tps = 5000 , latency = 3.73448
txsToExecute.size = 5000
当前分片2, tps = 2500 , latency = 2.63658
txsToExecute.size = 5000
当前分片2, tps = 5000 , latency = 0.476003
txsToExecute.size = 5000
当前分片2, tps = 5000 , latency = 1.49731
txsToExecute.size = 5000
当前分片2, tps = 5000 , latency = 1.65702
txsToExecute.size = 5000
当前分片2, tps = 5000 , latency = 5.63823
txsToExecute.size = 5000
当前分片2, tps = 1500 , latency = 6.65306
txsToExecute.size = 5000
当前分片2, tps = 93 , latency = 1.91068e+07
txsToExecute.size = 5000
当前分片2, tps = 0, latency = 0
